<?xml version="1.0" encoding="UTF-8"?>
<testsuites name="Phase 5.2 Integration Tests" tests="23" failures="10" errors="0" skipped="0" time="0.736">
    <testsuite name="IntegrationTestSuite" tests="23" failures="10" errors="0" skipped="0" time="0.736" timestamp="2026-03-16T16:10:30.372316">
        <testcase classname="TestAPIEndpoints" name="test_01_health_endpoint" time="0.000">
            <failure message="Traceback (most recent call last):
  File "/home/vanjunn-pongasi/MLOps/venv-mlops/lib/python3.12/site-packages/urllib3/connection.py", line 204, in _new_conn
    sock = connection.create_connection(
           ^^^^^^^^^^^^^^^^^^^^^^^^^^^^^
  File "/home/vanjunn-pongasi/MLOps/venv-mlops/lib/python3.12/site-packages/urllib3/util/connection.py", line 85, in create_connection
    raise err
  File "/home/vanjunn-pongasi/MLOps/venv-mlops/lib/python3.12/site-packages/urllib3/util/connection.py", line 7"/>
        </testcase>
        <testcase classname="TestAPIEndpoints" name="test_02_model_metadata_endpoint" time="0.000">
            <failure message="Traceback (most recent call last):
  File "/home/vanjunn-pongasi/MLOps/venv-mlops/lib/python3.12/site-packages/urllib3/connection.py", line 204, in _new_conn
    sock = connection.create_connection(
           ^^^^^^^^^^^^^^^^^^^^^^^^^^^^^
  File "/home/vanjunn-pongasi/MLOps/venv-mlops/lib/python3.12/site-packages/urllib3/util/connection.py", line 85, in create_connection
    raise err
  File "/home/vanjunn-pongasi/MLOps/venv-mlops/lib/python3.12/site-packages/urllib3/util/connection.py", line 7"/>
        </testcase>
        <testcase classname="TestAPIEndpoints" name="test_03_single_prediction" time="0.000">
            <failure message="Traceback (most recent call last):
  File "/home/vanjunn-pongasi/MLOps/venv-mlops/lib/python3.12/site-packages/urllib3/connection.py", line 204, in _new_conn
    sock = connection.create_connection(
           ^^^^^^^^^^^^^^^^^^^^^^^^^^^^^
  File "/home/vanjunn-pongasi/MLOps/venv-mlops/lib/python3.12/site-packages/urllib3/util/connection.py", line 85, in create_connection
    raise err
  File "/home/vanjunn-pongasi/MLOps/venv-mlops/lib/python3.12/site-packages/urllib3/util/connection.py", line 7"/>
        </testcase>
        <testcase classname="TestAPIEndpoints" name="test_04_batch_prediction" time="0.000">
            <failure message="Traceback (most recent call last):
  File "/home/vanjunn-pongasi/MLOps/venv-mlops/lib/python3.12/site-packages/urllib3/connection.py", line 204, in _new_conn
    sock = connection.create_connection(
           ^^^^^^^^^^^^^^^^^^^^^^^^^^^^^
  File "/home/vanjunn-pongasi/MLOps/venv-mlops/lib/python3.12/site-packages/urllib3/util/connection.py", line 85, in create_connection
    raise err
  File "/home/vanjunn-pongasi/MLOps/venv-mlops/lib/python3.12/site-packages/urllib3/util/connection.py", line 7"/>
        </testcase>
        <testcase classname="TestAPIEndpoints" name="test_05_prediction_latency" time="0.000">
            <failure message="Traceback (most recent call last):
  File "/home/vanjunn-pongasi/MLOps/venv-mlops/lib/python3.12/site-packages/urllib3/connection.py", line 204, in _new_conn
    sock = connection.create_connection(
           ^^^^^^^^^^^^^^^^^^^^^^^^^^^^^
  File "/home/vanjunn-pongasi/MLOps/venv-mlops/lib/python3.12/site-packages/urllib3/util/connection.py", line 85, in create_connection
    raise err
  File "/home/vanjunn-pongasi/MLOps/venv-mlops/lib/python3.12/site-packages/urllib3/util/connection.py", line 7"/>
        </testcase>
        <testcase classname="TestAPIEndpoints" name="test_06_empty_text_handling" time="0.000">
            <failure message="Traceback (most recent call last):
  File "/home/vanjunn-pongasi/MLOps/venv-mlops/lib/python3.12/site-packages/urllib3/connection.py", line 204, in _new_conn
    sock = connection.create_connection(
           ^^^^^^^^^^^^^^^^^^^^^^^^^^^^^
  File "/home/vanjunn-pongasi/MLOps/venv-mlops/lib/python3.12/site-packages/urllib3/util/connection.py", line 85, in create_connection
    raise err
  File "/home/vanjunn-pongasi/MLOps/venv-mlops/lib/python3.12/site-packages/urllib3/util/connection.py", line 7"/>
        </testcase>
        <testcase classname="TestAPIEndpoints" name="test_07_very_long_text_handling" time="0.000">
            <failure message="Traceback (most recent call last):
  File "/home/vanjunn-pongasi/MLOps/venv-mlops/lib/python3.12/site-packages/urllib3/connection.py", line 204, in _new_conn
    sock = connection.create_connection(
           ^^^^^^^^^^^^^^^^^^^^^^^^^^^^^
  File "/home/vanjunn-pongasi/MLOps/venv-mlops/lib/python3.12/site-packages/urllib3/util/connection.py", line 85, in create_connection
    raise err
  File "/home/vanjunn-pongasi/MLOps/venv-mlops/lib/python3.12/site-packages/urllib3/util/connection.py", line 7"/>
        </testcase>
        <testcase classname="TestAPIEndpoints" name="test_08_special_characters" time="0.000">
            <failure message="Traceback (most recent call last):
  File "/home/vanjunn-pongasi/MLOps/venv-mlops/lib/python3.12/site-packages/urllib3/connection.py", line 204, in _new_conn
    sock = connection.create_connection(
           ^^^^^^^^^^^^^^^^^^^^^^^^^^^^^
  File "/home/vanjunn-pongasi/MLOps/venv-mlops/lib/python3.12/site-packages/urllib3/util/connection.py", line 85, in create_connection
    raise err
  File "/home/vanjunn-pongasi/MLOps/venv-mlops/lib/python3.12/site-packages/urllib3/util/connection.py", line 7"/>
        </testcase>
        <testcase classname="TestAPIEndpoints" name="test_09_invalid_payload" time="0.000">
            <failure message="Traceback (most recent call last):
  File "/home/vanjunn-pongasi/MLOps/venv-mlops/lib/python3.12/site-packages/urllib3/connection.py", line 204, in _new_conn
    sock = connection.create_connection(
           ^^^^^^^^^^^^^^^^^^^^^^^^^^^^^
  File "/home/vanjunn-pongasi/MLOps/venv-mlops/lib/python3.12/site-packages/urllib3/util/connection.py", line 85, in create_connection
    raise err
  File "/home/vanjunn-pongasi/MLOps/venv-mlops/lib/python3.12/site-packages/urllib3/util/connection.py", line 7"/>
        </testcase>
        <testcase classname="TestAPIEndpoints" name="test_10_metrics_endpoint" time="0.000">
            <failure message="Traceback (most recent call last):
  File "/home/vanjunn-pongasi/MLOps/venv-mlops/lib/python3.12/site-packages/urllib3/connection.py", line 204, in _new_conn
    sock = connection.create_connection(
           ^^^^^^^^^^^^^^^^^^^^^^^^^^^^^
  File "/home/vanjunn-pongasi/MLOps/venv-mlops/lib/python3.12/site-packages/urllib3/util/connection.py", line 85, in create_connection
    raise err
  File "/home/vanjunn-pongasi/MLOps/venv-mlops/lib/python3.12/site-packages/urllib3/util/connection.py", line 7"/>
        </testcase>
    </testsuite>
</testsuites>
